0 info it worked if it ends with ok
1 verbose cli [ '/usr/local/Cellar/node/7.4.0/bin/node',
1 verbose cli   '/usr/local/bin/npm',
1 verbose cli   'run',
1 verbose cli   'tsc' ]
2 info using npm@4.0.5
3 info using node@v7.4.0
4 verbose run-script [ 'pretsc', 'tsc', 'posttsc' ]
5 info lifecycle typescript-node@1.0.0~pretsc: typescript-node@1.0.0
6 silly lifecycle typescript-node@1.0.0~pretsc: no script for pretsc, continuing
7 info lifecycle typescript-node@1.0.0~tsc: typescript-node@1.0.0
8 verbose lifecycle typescript-node@1.0.0~tsc: unsafe-perm in lifecycle true
9 verbose lifecycle typescript-node@1.0.0~tsc: PATH: /usr/local/lib/node_modules/npm/bin/node-gyp-bin:/Users/rishmunk/Dropbox/Projects/NavGurukul/galileo/node_modules/.bin:/Users/rishmunk/Dropbox/Projects/NavGurukul/galileo/node_modules/.bin:/Users/rishmunk/Downloads/google-cloud-sdk/bin:/usr/local/bin:/usr/bin:/bin:/usr/sbin:/sbin
10 verbose lifecycle typescript-node@1.0.0~tsc: CWD: /Users/rishmunk/Dropbox/Projects/NavGurukul/galileo
11 silly lifecycle typescript-node@1.0.0~tsc: Args: [ '-c', 'tsc' ]
12 silly lifecycle typescript-node@1.0.0~tsc: Returned: code: 2  signal: null
13 info lifecycle typescript-node@1.0.0~tsc: Failed to exec tsc script
14 verbose stack Error: typescript-node@1.0.0 tsc: `tsc`
14 verbose stack Exit status 2
14 verbose stack     at EventEmitter.<anonymous> (/usr/local/lib/node_modules/npm/lib/utils/lifecycle.js:279:16)
14 verbose stack     at emitTwo (events.js:106:13)
14 verbose stack     at EventEmitter.emit (events.js:191:7)
14 verbose stack     at ChildProcess.<anonymous> (/usr/local/lib/node_modules/npm/lib/utils/spawn.js:40:14)
14 verbose stack     at emitTwo (events.js:106:13)
14 verbose stack     at ChildProcess.emit (events.js:191:7)
14 verbose stack     at maybeClose (internal/child_process.js:885:16)
14 verbose stack     at Process.ChildProcess._handle.onexit (internal/child_process.js:226:5)
15 verbose pkgid typescript-node@1.0.0
16 verbose cwd /Users/rishmunk/Dropbox/Projects/NavGurukul/galileo
17 error Darwin 16.0.0
18 error argv "/usr/local/Cellar/node/7.4.0/bin/node" "/usr/local/bin/npm" "run" "tsc"
19 error node v7.4.0
20 error npm  v4.0.5
21 error code ELIFECYCLE
22 error typescript-node@1.0.0 tsc: `tsc`
22 error Exit status 2
23 error Failed at the typescript-node@1.0.0 tsc script 'tsc'.
23 error Make sure you have the latest version of node.js and npm installed.
23 error If you do, this is most likely a problem with the typescript-node package,
23 error not with npm itself.
23 error Tell the author that this fails on your system:
23 error     tsc
23 error You can get information on how to open an issue for this project with:
23 error     npm bugs typescript-node
23 error Or if that isn't available, you can get their info via:
23 error     npm owner ls typescript-node
23 error There is likely additional logging output above.
24 verbose exit [ 1, true ]
